Copyright 1986-2022 Xilinx, Inc. All Rights Reserved. Copyright 2022-2023 Advanced Micro Devices, Inc. All Rights Reserved.
---------------------------------------------------------------------------------------------------------------------------------------------
| Tool Version : Vivado v.2023.2 (win64) Build 4029153 Fri Oct 13 20:14:34 MDT 2023
| Date         : Fri Apr 12 14:47:12 2024
| Host         : WGM04HAJN running 64-bit major release  (build 9200)
| Command      : upgrade_ip
| Device       : xck26-sfvc784-2LV-c
---------------------------------------------------------------------------------------------------------------------------------------------

Upgrade Log for IP 'design_1_zynq_ultra_ps_e_0_0'

1. Summary
----------

SUCCESS in the upgrade of design_1_zynq_ultra_ps_e_0_0 from xilinx.com:ip:zynq_ultra_ps_e:3.3 (Rev. 5) to xilinx.com:ip:zynq_ultra_ps_e:3.5 (Rev. 1)

2. Upgrade messages
-------------------

Set parameter PSU__GPIO_EMIO__PERIPHERAL__IO to value 95 (source 'default')
WARNING: upgrade cannot add parameter PSU__USE__USB3_0_HUB with default value 0 : a parameter called PSU__USE__USB3_0_HUB already exists in zynq_ultra_ps_e_v3_5
WARNING: upgrade cannot add parameter PSU__USE__USB3_1_HUB with default value 0 : a parameter called PSU__USE__USB3_1_HUB already exists in zynq_ultra_ps_e_v3_5
Set parameter PSU__PROTECTION__FPD_SEGMENTS to value SA:0xFD1A0000; SIZE:1280; UNIT:KB; RegionTZ:Secure; WrAllowed:Read/Write; subsystemId:PMU Firmware |  SA:0xFD000000; SIZE:64; UNIT:KB; RegionTZ:Secure; WrAllowed:Read/Write; subsystemId:PMU Firmware |  SA:0xFD010000; SIZE:64; UNIT:KB; RegionTZ:Secure; WrAllowed:Read/Write; subsystemId:PMU Firmware |  SA:0xFD020000; SIZE:64; UNIT:KB; RegionTZ:Secure; WrAllowed:Read/Write; subsystemId:PMU Firmware |  SA:0xFD030000; SIZE:64; UNIT:KB; RegionTZ:Secure; WrAllowed:Read/Write; subsystemId:PMU Firmware |  SA:0xFD040000; SIZE:64; UNIT:KB; RegionTZ:Secure; WrAllowed:Read/Write; subsystemId:PMU Firmware |  SA:0xFD050000; SIZE:64; UNIT:KB; RegionTZ:Secure; WrAllowed:Read/Write; subsystemId:PMU Firmware |  SA:0xFD610000; SIZE:512; UNIT:KB; RegionTZ:Secure; WrAllowed:Read/Write; subsystemId:PMU Firmware |  SA:0xFD5D0000; SIZE:64; UNIT:KB; RegionTZ:Secure; WrAllowed:Read/Write; subsystemId:PMU Firmware | SA:0xFD1A0000 ; SIZE:1280; UNIT:KB; RegionTZ:Secure ; WrAllowed:Read/Write; subsystemId:Secure Subsystem (source 'default')






Copyright 1986-2022 Xilinx, Inc. All Rights Reserved. Copyright 2022-2023 Advanced Micro Devices, Inc. All Rights Reserved.
---------------------------------------------------------------------------------------------------------------------------------------------
| Tool Version : Vivado v.2023.2 (win64) Build 4029153 Fri Oct 13 20:14:34 MDT 2023
| Date         : Fri Apr 12 14:47:12 2024
| Host         : WGM04HAJN running 64-bit major release  (build 9200)
| Command      : upgrade_ip
| Device       : xck26-sfvc784-2LV-c
---------------------------------------------------------------------------------------------------------------------------------------------

Upgrade Log for IP 'design_1_clk_wiz_0_0'

1. Summary
----------

SUCCESS in the upgrade of design_1_clk_wiz_0_0 (xilinx.com:ip:clk_wiz:6.0) from (Rev. 8) to (Rev. 13)






Copyright 1986-2021 Xilinx, Inc. All Rights Reserved.
------------------------------------------------------------------------------------
| Tool Version : Vivado v.2021.1 (win64) Build 3247384 Thu Jun 10 19:36:33 MDT 2021
| Date         : Fri Jan 13 22:18:28 2023
| Host         : DESKTOP-O3QOG7I running 64-bit major release  (build 9200)
| Command      : upgrade_ip
| Device       : xck26-sfvc784-2LV-c
------------------------------------------------------------------------------------

Upgrade Log for IP 'design_1_top_0_1'

1. Summary
----------

SUCCESS in the upgrade of design_1_top_0_1 from xilinx.com:user:top:2.2 (Rev. 1) to xilinx.com:user:top:3.0 (Rev. 4)






Copyright 1986-2021 Xilinx, Inc. All Rights Reserved.
------------------------------------------------------------------------------------
| Tool Version : Vivado v.2021.1 (win64) Build 3247384 Thu Jun 10 19:36:33 MDT 2021
| Date         : Fri Jan 13 19:31:41 2023
| Host         : DESKTOP-O3QOG7I running 64-bit major release  (build 9200)
| Command      : upgrade_ip
| Device       : xck26-sfvc784-2LV-c
------------------------------------------------------------------------------------

Upgrade Log for IP 'design_1_top_0_1'

1. Summary
----------

SUCCESS in the conversion of design_1_top_0_1 (xilinx.com:user:top:2.2 (Rev. 1)) to Vivado generation flows.






Copyright 1986-2021 Xilinx, Inc. All Rights Reserved.
------------------------------------------------------------------------------------
| Tool Version : Vivado v.2021.1 (win64) Build 3247384 Thu Jun 10 19:36:33 MDT 2021
| Date         : Fri Jan 13 16:39:33 2023
| Host         : DESKTOP-O3QOG7I running 64-bit major release  (build 9200)
| Command      : upgrade_ip
| Device       : xck26-sfvc784-2LV-c
------------------------------------------------------------------------------------

Upgrade Log for IP 'design_1_top_0_1'

1. Summary
----------

SUCCESS in the upgrade of design_1_top_0_1 from xilinx.com:user:top:2.1 (Rev. 1) to xilinx.com:user:top:2.2 (Rev. 1)






Copyright 1986-2021 Xilinx, Inc. All Rights Reserved.
------------------------------------------------------------------------------------
| Tool Version : Vivado v.2021.1 (win64) Build 3247384 Thu Jun 10 19:36:33 MDT 2021
| Date         : Fri Jan 13 08:16:50 2023
| Host         : DESKTOP-O3QOG7I running 64-bit major release  (build 9200)
| Command      : upgrade_ip
| Device       : xck26-sfvc784-2LV-c
------------------------------------------------------------------------------------

Upgrade Log for IP 'design_1_top_0_1'

1. Summary
----------

SUCCESS in the upgrade of design_1_top_0_1 from xilinx.com:user:top:2.0 (Rev. 1) to xilinx.com:user:top:2.1 (Rev. 1)






Copyright 1986-2021 Xilinx, Inc. All Rights Reserved.
------------------------------------------------------------------------------------
| Tool Version : Vivado v.2021.1 (win64) Build 3247384 Thu Jun 10 19:36:33 MDT 2021
| Date         : Thu Jan 12 21:21:28 2023
| Host         : DESKTOP-O3QOG7I running 64-bit major release  (build 9200)
| Command      : upgrade_ip
| Device       : xck26-sfvc784-2LV-c
------------------------------------------------------------------------------------

Upgrade Log for IP 'design_1_top_0_1'

1. Summary
----------

SUCCESS in the upgrade of design_1_top_0_1 from xilinx.com:user:top:1.0 (Rev. 3) to xilinx.com:user:top:2.0 (Rev. 1)






Copyright 1986-2021 Xilinx, Inc. All Rights Reserved.
------------------------------------------------------------------------------------
| Tool Version : Vivado v.2021.1 (win64) Build 3247384 Thu Jun 10 19:36:33 MDT 2021
| Date         : Wed Jan 11 10:31:29 2023
| Host         : DESKTOP-O3QOG7I running 64-bit major release  (build 9200)
| Command      : upgrade_ip
| Device       : xck26-sfvc784-2LV-c
------------------------------------------------------------------------------------

Upgrade Log for IP 'design_1_top_0_1'

1. Summary
----------

SUCCESS in the upgrade of design_1_top_0_1 (xilinx.com:user:top:1.0) from (Rev. 2) to (Rev. 3)






Copyright 1986-2021 Xilinx, Inc. All Rights Reserved.
------------------------------------------------------------------------------------
| Tool Version : Vivado v.2021.1 (win64) Build 3247384 Thu Jun 10 19:36:33 MDT 2021
| Date         : Wed Jan 11 07:33:37 2023
| Host         : DESKTOP-O3QOG7I running 64-bit major release  (build 9200)
| Command      : upgrade_ip
| Device       : xck26-sfvc784-2LV-c
------------------------------------------------------------------------------------

Upgrade Log for IP 'design_1_top_0_1'

1. Summary
----------

SUCCESS in the conversion of design_1_top_0_1 (xilinx.com:user:top:1.0 (Rev. 2)) to Vivado generation flows.






Copyright 1986-2021 Xilinx, Inc. All Rights Reserved.
------------------------------------------------------------------------------------
| Tool Version : Vivado v.2021.1 (win64) Build 3247384 Thu Jun 10 19:36:33 MDT 2021
| Date         : Wed Jan 11 00:04:53 2023
| Host         : DESKTOP-O3QOG7I running 64-bit major release  (build 9200)
| Command      : upgrade_ip
| Device       : xck26-sfvc784-2LV-c
------------------------------------------------------------------------------------

Upgrade Log for IP 'design_1_top_0_1'

1. Summary
----------

SUCCESS in the upgrade of design_1_top_0_1 (xilinx.com:user:top:1.0) from (Rev. 1) to (Rev. 2)






Copyright 1986-2021 Xilinx, Inc. All Rights Reserved.
------------------------------------------------------------------------------------
| Tool Version : Vivado v.2021.1 (win64) Build 3247384 Thu Jun 10 19:36:33 MDT 2021
| Date         : Tue Jan 10 23:46:50 2023
| Host         : DESKTOP-O3QOG7I running 64-bit major release  (build 9200)
| Command      : upgrade_ip
| Device       : xck26-sfvc784-2LV-c
------------------------------------------------------------------------------------

Upgrade Log for IP 'design_1_top_0_1'

1. Summary
----------

SUCCESS in the upgrade of design_1_top_0_1 (xilinx.com:user:top:1.0) from (Rev. 2) to (Rev. 1)






Copyright 1986-2021 Xilinx, Inc. All Rights Reserved.
------------------------------------------------------------------------------------
| Tool Version : Vivado v.2021.1 (win64) Build 3247384 Thu Jun 10 19:36:33 MDT 2021
| Date         : Tue Jan 10 20:44:12 2023
| Host         : DESKTOP-O3QOG7I running 64-bit major release  (build 9200)
| Command      : upgrade_ip
| Device       : xck26-sfvc784-2LV-c
------------------------------------------------------------------------------------

Upgrade Log for IP 'design_1_top_0_1'

1. Summary
----------

SUCCESS in the conversion of design_1_top_0_1 (xilinx.com:user:top:1.0 (Rev. 2)) to Vivado generation flows.






Copyright 1986-2021 Xilinx, Inc. All Rights Reserved.
------------------------------------------------------------------------------------
| Tool Version : Vivado v.2021.1 (win64) Build 3247384 Thu Jun 10 19:36:33 MDT 2021
| Date         : Tue Jan 10 19:52:08 2023
| Host         : DESKTOP-O3QOG7I running 64-bit major release  (build 9200)
| Command      : upgrade_ip
| Device       : xck26-sfvc784-2LV-c
------------------------------------------------------------------------------------

Upgrade Log for IP 'design_1_top_0_1'

1. Summary
----------

SUCCESS in the upgrade of design_1_top_0_1 (xilinx.com:user:top:1.0) from (Rev. 3) to (Rev. 2)






Copyright 1986-2021 Xilinx, Inc. All Rights Reserved.
------------------------------------------------------------------------------------
| Tool Version : Vivado v.2021.1 (win64) Build 3247384 Thu Jun 10 19:36:33 MDT 2021
| Date         : Tue Jan 10 11:18:21 2023
| Host         : DESKTOP-O3QOG7I running 64-bit major release  (build 9200)
| Command      : upgrade_ip
| Device       : xck26-sfvc784-2LV-c
------------------------------------------------------------------------------------

Upgrade Log for IP 'design_1_top_0_1'

1. Summary
----------

SUCCESS in the upgrade of design_1_top_0_1 (xilinx.com:user:top:1.0) from (Rev. 2) to (Rev. 3)






Copyright 1986-2021 Xilinx, Inc. All Rights Reserved.
------------------------------------------------------------------------------------
| Tool Version : Vivado v.2021.1 (win64) Build 3247384 Thu Jun 10 19:36:33 MDT 2021
| Date         : Tue Jan 10 05:32:30 2023
| Host         : DESKTOP-O3QOG7I running 64-bit major release  (build 9200)
| Command      : upgrade_ip
| Device       : xck26-sfvc784-2LV-c
------------------------------------------------------------------------------------

Upgrade Log for IP 'design_1_top_0_1'

1. Summary
----------

SUCCESS in the upgrade of design_1_top_0_1 (xilinx.com:user:top:1.0) from (Rev. 22) to (Rev. 2)






Copyright 1986-2021 Xilinx, Inc. All Rights Reserved.
------------------------------------------------------------------------------------
| Tool Version : Vivado v.2021.1 (win64) Build 3247384 Thu Jun 10 19:36:33 MDT 2021
| Date         : Tue Jan 10 05:25:01 2023
| Host         : DESKTOP-O3QOG7I running 64-bit major release  (build 9200)
| Command      : upgrade_ip
| Device       : xck26-sfvc784-2LV-c
------------------------------------------------------------------------------------

Upgrade Log for IP 'design_1_top_0_1'

1. Summary
----------

SUCCESS in the upgrade of design_1_top_0_1 (xilinx.com:user:top:1.0) from (Rev. 3) to (Rev. 22)

